<?xml version="1.0" encoding="UTF-8"?>
<testsuite name="com.personalbiography.domain.PromptsTest" tests="4" skipped="0" failures="0" errors="0" timestamp="2026-05-08T19:30:14" hostname="igor-mintz-MacBook-QTT4" time="0.001">
  <properties/>
  <testcase name="system prompt requires 3 to 5 follow-up questions" classname="com.personalbiography.domain.PromptsTest" time="0.0"/>
  <testcase name="system prompt asks for hebrew output" classname="com.personalbiography.domain.PromptsTest" time="0.0"/>
  <testcase name="system prompt mentions all 10 tags" classname="com.personalbiography.domain.PromptsTest" time="0.001"/>
  <testcase name="user prompt embeds the transcript" classname="com.personalbiography.domain.PromptsTest" time="0.0"/>
  <system-out><![CDATA[]]></system-out>
  <system-err><![CDATA[]]></system-err>
</testsuite>
