<?xml version="1.0" encoding="UTF-8"?>
<testsuite name="com.personalbiography.data.repo.UsageRepositoryTest" tests="2" skipped="0" failures="0" errors="0" timestamp="2026-05-08T19:30:13" hostname="igor-mintz-MacBook-QTT4" time="0.003">
  <properties/>
  <testcase name="record stores cost as integer micros" classname="com.personalbiography.data.repo.UsageRepositoryTest" time="0.002"/>
  <testcase name="totalsSince aggregates structure tokens and transcribe seconds" classname="com.personalbiography.data.repo.UsageRepositoryTest" time="0.001"/>
  <system-out><![CDATA[]]></system-out>
  <system-err><![CDATA[]]></system-err>
</testsuite>
